[2020-06-26T17:06:47.345] [DEBUG] cheese - login => username:zs123,password:123456
[2020-06-26T17:06:47.361] [DEBUG] cheese - zs123
[2020-06-26T17:06:47.479] [DEBUG] cheese - null
[2020-06-26T17:06:47.481] [DEBUG] cheese - null
[2020-06-26T17:20:34.137] [DEBUG] cheese - login => username:zs123,password:123456
[2020-06-26T17:20:34.137] [DEBUG] cheese - zs123
[2020-06-26T17:20:34.160] [DEBUG] cheese - null
[2020-06-26T17:20:34.161] [DEBUG] cheese - null
[2020-06-26T17:20:54.282] [DEBUG] cheese - login => username:admin,password:123456
[2020-06-26T17:20:54.283] [DEBUG] cheese - admin
[2020-06-26T17:20:54.292] [DEBUG] cheese - null
[2020-06-26T17:20:54.292] [DEBUG] cheese - null
[2020-06-26T18:03:55.332] [DEBUG] cheese - login => username:zs123,password:123456
[2020-06-26T18:03:55.332] [DEBUG] cheese - zs123
[2020-06-26T18:03:55.338] [DEBUG] cheese - null
[2020-06-26T18:03:55.339] [DEBUG] cheese - null
[2020-06-26T18:04:04.551] [DEBUG] cheese - login => username:admin,password:123456
[2020-06-26T18:04:04.551] [DEBUG] cheese - admin
[2020-06-26T18:04:04.554] [DEBUG] cheese - null
[2020-06-26T18:04:04.554] [DEBUG] cheese - null
[2020-06-26T18:10:34.462] [DEBUG] cheese - login => username:admin,password:123456
[2020-06-26T18:10:34.463] [DEBUG] cheese - admin
[2020-06-26T18:10:34.466] [DEBUG] cheese - null
[2020-06-26T18:10:34.466] [DEBUG] cheese - null
[2020-06-26T18:13:00.757] [DEBUG] cheese - login => username:admin,password:123456
[2020-06-26T18:13:00.757] [DEBUG] cheese - admin
[2020-06-26T18:13:00.761] [DEBUG] cheese - null
[2020-06-26T18:13:00.761] [DEBUG] cheese - null
[2020-06-26T21:22:55.939] [DEBUG] cheese - login => username:admin,password:123456
[2020-06-26T21:22:55.940] [DEBUG] cheese - admin
[2020-06-26T21:22:55.948] [DEBUG] cheese - null
[2020-06-26T21:22:55.949] [DEBUG] cheese - null
[2020-06-26T21:27:17.418] [DEBUG] cheese - login => username:admin,password:123456
[2020-06-26T21:27:17.418] [DEBUG] cheese - admin
[2020-06-26T21:27:17.423] [DEBUG] cheese - null
[2020-06-26T21:27:17.423] [DEBUG] cheese - null
[2020-06-26T21:53:29.183] [DEBUG] cheese - login => username:admin,password:123456
[2020-06-26T21:53:29.183] [DEBUG] cheese - admin
[2020-06-26T21:53:29.186] [DEBUG] cheese - null
[2020-06-26T21:53:29.186] [DEBUG] cheese - null
[2020-06-27T11:42:33.827] [DEBUG] cheese - login => username:admin,password:123456
[2020-06-27T11:42:33.832] [DEBUG] cheese - admin
[2020-06-27T11:42:33.942] [DEBUG] cheese - null
[2020-06-27T11:42:33.943] [DEBUG] cheese - null
[2020-06-27T11:57:40.077] [DEBUG] cheese - login => username:admin,password:123456
[2020-06-27T11:57:40.078] [DEBUG] cheese - admin
[2020-06-27T11:57:40.084] [DEBUG] cheese - null
[2020-06-27T11:57:40.084] [DEBUG] cheese - null
[2020-06-27T14:02:59.708] [DEBUG] cheese - login => username:admin,password:123456
[2020-06-27T14:02:59.709] [DEBUG] cheese - admin
[2020-06-27T14:02:59.718] [DEBUG] cheese - null
[2020-06-27T14:02:59.718] [DEBUG] cheese - null
[2020-06-27T16:32:00.891] [DEBUG] cheese - login => username:admin,password:123456
[2020-06-27T16:32:00.892] [DEBUG] cheese - admin
[2020-06-27T16:32:00.898] [DEBUG] cheese - null
[2020-06-27T16:32:00.898] [DEBUG] cheese - null
[2020-06-27T17:11:39.417] [DEBUG] cheese - login => username:admin,password:123456
[2020-06-27T17:11:39.417] [DEBUG] cheese - admin
[2020-06-27T17:11:39.421] [DEBUG] cheese - null
[2020-06-27T17:11:39.421] [DEBUG] cheese - null
[2020-06-27T17:13:40.685] [DEBUG] cheese - login => username:admin,password:123456
[2020-06-27T17:13:40.685] [DEBUG] cheese - admin
[2020-06-27T17:13:40.689] [DEBUG] cheese - null
[2020-06-27T17:13:40.689] [DEBUG] cheese - null
[2020-06-27T17:25:04.467] [DEBUG] cheese - login => username:admin,password:123456
[2020-06-27T17:25:04.467] [DEBUG] cheese - admin
[2020-06-27T17:25:04.473] [DEBUG] cheese - null
[2020-06-27T17:25:04.473] [DEBUG] cheese - null
[2020-06-27T17:25:49.342] [DEBUG] cheese - login => username:admin,password:123456
[2020-06-27T17:25:49.342] [DEBUG] cheese - admin
[2020-06-27T17:25:49.346] [DEBUG] cheese - null
[2020-06-27T17:25:49.346] [DEBUG] cheese - null
[2020-06-27T18:33:02.966] [DEBUG] cheese - login => username:admin,password:123456
[2020-06-27T18:33:02.967] [DEBUG] cheese - admin
[2020-06-27T18:33:02.977] [DEBUG] cheese - null
[2020-06-27T18:33:02.977] [DEBUG] cheese - null
[2020-06-27T18:34:33.770] [DEBUG] cheese - login => username:admin,password:123456
[2020-06-27T18:34:33.770] [DEBUG] cheese - admin
[2020-06-27T18:34:33.773] [DEBUG] cheese - null
[2020-06-27T18:34:33.773] [DEBUG] cheese - null
[2020-06-27T18:34:40.321] [DEBUG] cheese - login => username:admin,password:123456
[2020-06-27T18:34:40.321] [DEBUG] cheese - admin
[2020-06-27T18:34:40.324] [DEBUG] cheese - null
[2020-06-27T18:34:40.324] [DEBUG] cheese - null
[2020-06-27T21:31:23.999] [DEBUG] cheese - login => username:admin,password:123456
[2020-06-27T21:31:24.001] [DEBUG] cheese - admin
[2020-06-27T21:31:24.010] [DEBUG] cheese - null
[2020-06-27T21:31:24.010] [DEBUG] cheese - null
[2020-06-28T13:28:32.460] [DEBUG] cheese - login => username:admin,password:123456
[2020-06-28T13:28:32.463] [DEBUG] cheese - admin
[2020-06-28T13:28:32.521] [DEBUG] cheese - null
[2020-06-28T13:28:32.521] [DEBUG] cheese - null
[2020-06-28T21:42:52.894] [DEBUG] cheese - login => username:admin,password:123456
[2020-06-28T21:42:52.896] [DEBUG] cheese - admin
[2020-06-28T21:42:52.903] [DEBUG] cheese - null
[2020-06-28T21:42:52.903] [DEBUG] cheese - null
[2020-06-29T00:53:51.457] [DEBUG] cheese - null
[2020-06-29T01:02:51.457] [DEBUG] cheese - null
[2020-06-29T14:00:00.366] [DEBUG] cheese - login => username:admin,password:123456
[2020-06-29T14:00:00.373] [DEBUG] cheese - admin
[2020-06-29T14:00:00.450] [DEBUG] cheese - null
[2020-06-29T14:00:00.451] [DEBUG] cheese - null
[2020-06-30T11:27:46.734] [DEBUG] cheese - login => username:admin,password:123456
[2020-06-30T11:27:46.740] [DEBUG] cheese - admin
[2020-06-30T11:27:46.832] [DEBUG] cheese - null
[2020-06-30T11:27:46.833] [DEBUG] cheese - null
[2020-07-01T06:56:44.491] [DEBUG] cheese - login => username:admin,password:123456
[2020-07-01T06:56:44.494] [DEBUG] cheese - admin
[2020-07-01T06:56:44.653] [DEBUG] cheese - null
[2020-07-01T06:56:44.655] [DEBUG] cheese - null
[2020-07-01T22:59:34.153] [DEBUG] cheese - login => username:admin,password:123456
[2020-07-01T22:59:34.161] [DEBUG] cheese - admin
[2020-07-01T22:59:34.270] [DEBUG] cheese - null
[2020-07-01T22:59:34.271] [DEBUG] cheese - null
[2020-07-02T14:28:33.827] [DEBUG] cheese - login => username:admin,password:123456
[2020-07-02T14:28:33.836] [DEBUG] cheese - admin
[2020-07-02T14:28:33.964] [DEBUG] cheese - null
[2020-07-02T14:28:33.965] [DEBUG] cheese - null
[2020-07-03T01:19:41.445] [DEBUG] cheese - null
[2020-07-03T01:22:38.023] [DEBUG] cheese - null
[2020-07-03T01:23:23.588] [DEBUG] cheese - null
[2020-07-03T01:23:44.288] [DEBUG] cheese - null
[2020-07-03T01:30:10.255] [DEBUG] cheese - null
[2020-07-03T01:30:35.587] [DEBUG] cheese - null
[2020-07-03T01:32:22.658] [DEBUG] cheese - null
[2020-07-03T01:54:03.543] [DEBUG] cheese - null
[2020-07-03T01:55:25.380] [DEBUG] cheese - null
[2020-07-03T13:40:19.526] [DEBUG] cheese - login => username:admin,password:123456
[2020-07-03T13:40:19.529] [DEBUG] cheese - admin
[2020-07-03T13:40:19.620] [DEBUG] cheese - null
[2020-07-03T13:40:19.620] [DEBUG] cheese - null
[2020-07-04T18:05:21.384] [DEBUG] cheese - login => username:admin,password:123456
[2020-07-04T18:05:21.387] [DEBUG] cheese - admin
[2020-07-04T18:05:21.455] [DEBUG] cheese - null
[2020-07-04T18:05:21.456] [DEBUG] cheese - null
[2020-07-12T14:32:37.246] [DEBUG] cheese - login => username:admin,password:123456
[2020-07-12T14:32:37.248] [DEBUG] cheese - admin
[2020-07-12T14:32:37.319] [DEBUG] cheese - null
[2020-07-12T14:32:37.320] [DEBUG] cheese - null
[2020-07-12T19:31:15.590] [DEBUG] cheese - login => username:admin,password:123456
[2020-07-12T19:31:15.592] [DEBUG] cheese - admin
[2020-07-12T19:31:15.606] [DEBUG] cheese - null
[2020-07-12T19:31:15.607] [DEBUG] cheese - null
[2020-07-13T17:49:42.931] [DEBUG] cheese - login => username:admin,password:123456
[2020-07-13T17:49:42.936] [DEBUG] cheese - admin
[2020-07-13T17:49:43.018] [DEBUG] cheese - null
[2020-07-13T17:49:43.018] [DEBUG] cheese - null
[2020-07-14T00:58:26.828] [DEBUG] cheese - login => username:admin,password:123456
[2020-07-14T00:58:26.831] [DEBUG] cheese - admin
[2020-07-14T00:58:26.859] [DEBUG] cheese - null
[2020-07-14T00:58:26.860] [DEBUG] cheese - null
[2020-08-06T22:28:16.470] [DEBUG] cheese - login => username:admin,password:123456
[2020-08-06T22:28:16.474] [DEBUG] cheese - admin
[2020-08-06T22:28:16.532] [DEBUG] cheese - null
[2020-08-06T22:28:16.532] [DEBUG] cheese - null
[2022-03-27T20:13:27.842] [DEBUG] cheese - login => username:sacda,password:adad
[2022-03-27T20:13:27.845] [DEBUG] cheese - sacda
[2022-03-27T20:13:27.869] [DEBUG] cheese - null
[2022-03-27T20:13:27.871] [DEBUG] cheese - null
[2022-03-27T20:13:40.563] [DEBUG] cheese - login => username:admin,password:123456
[2022-03-27T20:13:40.563] [DEBUG] cheese - admin
[2022-03-27T20:13:40.573] [DEBUG] cheese - null
[2022-03-27T20:13:40.573] [DEBUG] cheese - null
[2022-03-27T20:16:24.769] [DEBUG] cheese - login => username:admin,password:ada
[2022-03-27T20:16:24.773] [DEBUG] cheese - admin
[2022-03-27T20:16:24.793] [DEBUG] cheese - null
[2022-03-27T20:16:24.794] [DEBUG] cheese - null
[2022-03-27T21:16:58.046] [DEBUG] cheese - login => username:admin,password:123456
[2022-03-27T21:16:58.047] [DEBUG] cheese - admin
[2022-03-27T21:16:58.056] [DEBUG] cheese - null
[2022-03-27T21:16:58.056] [DEBUG] cheese - null
[2022-03-27T22:26:15.400] [DEBUG] cheese - login => username:admin,password:123456
[2022-03-27T22:26:15.402] [DEBUG] cheese - admin
[2022-03-27T22:26:15.415] [DEBUG] cheese - null
[2022-03-27T22:26:15.422] [DEBUG] cheese - null
[2022-07-12T15:48:05.269] [DEBUG] cheese - login => username:admin,password:123456
[2022-07-12T15:48:05.272] [DEBUG] cheese - admin
[2022-07-12T15:48:05.323] [DEBUG] cheese - null
[2022-07-12T15:48:05.324] [DEBUG] cheese - null
[2022-07-12T15:49:34.913] [DEBUG] cheese - login => username:admin,password:123456
[2022-07-12T15:49:34.913] [DEBUG] cheese - admin
[2022-07-12T15:49:34.921] [DEBUG] cheese - null
[2022-07-12T15:49:34.922] [DEBUG] cheese - null
[2022-07-12T15:57:12.825] [DEBUG] cheese - login => username:admin,password:123456
[2022-07-12T15:57:12.826] [DEBUG] cheese - admin
[2022-07-12T15:57:12.837] [DEBUG] cheese - null
[2022-07-12T15:57:12.838] [DEBUG] cheese - null
[2022-07-12T15:57:26.109] [DEBUG] cheese - login => username:admin,password:1234567
[2022-07-12T15:57:26.109] [DEBUG] cheese - admin
[2022-07-12T15:57:26.117] [DEBUG] cheese - null
[2022-07-12T15:57:26.117] [DEBUG] cheese - null
[2022-07-12T16:03:08.020] [DEBUG] cheese - login => username:admin,password:123456
[2022-07-12T16:03:08.020] [DEBUG] cheese - admin
[2022-07-12T16:03:08.027] [DEBUG] cheese - null
[2022-07-12T16:03:08.027] [DEBUG] cheese - null
[2022-07-12T16:05:30.720] [DEBUG] cheese - login => username:admin,password:123456
[2022-07-12T16:05:30.720] [DEBUG] cheese - admin
[2022-07-12T16:05:30.725] [DEBUG] cheese - null
[2022-07-12T16:05:30.725] [DEBUG] cheese - null
[2022-07-12T16:07:07.407] [DEBUG] cheese - login => username:admin,password:123456
[2022-07-12T16:07:07.407] [DEBUG] cheese - admin
[2022-07-12T16:07:07.412] [DEBUG] cheese - null
[2022-07-12T16:07:07.413] [DEBUG] cheese - null
[2022-07-12T16:19:16.168] [DEBUG] cheese - login => username:admin,password:123456
[2022-07-12T16:19:16.168] [DEBUG] cheese - admin
[2022-07-12T16:19:16.177] [DEBUG] cheese - null
[2022-07-12T16:19:16.177] [DEBUG] cheese - null
[2022-07-13T13:06:03.415] [DEBUG] cheese - login => username:admin,password:123456
[2022-07-13T13:06:03.418] [DEBUG] cheese - admin
[2022-07-13T13:06:03.559] [DEBUG] cheese - null
[2022-07-13T13:06:03.559] [DEBUG] cheese - null
[2022-07-15T13:44:19.998] [DEBUG] cheese - login => username:admin,password:123456
[2022-07-15T13:44:20.001] [DEBUG] cheese - admin
[2022-07-15T13:44:20.167] [DEBUG] cheese - null
[2022-07-15T13:44:20.168] [DEBUG] cheese - null
[2022-07-15T15:44:05.061] [DEBUG] cheese - null
[2022-07-15T15:46:22.025] [DEBUG] cheese - null
[2022-07-17T13:11:59.133] [DEBUG] cheese - login => username:admin,password:123456
[2022-07-17T13:11:59.136] [DEBUG] cheese - admin
[2022-07-17T13:11:59.292] [DEBUG] cheese - null
[2022-07-17T13:11:59.293] [DEBUG] cheese - null
[2022-07-17T14:08:53.740] [DEBUG] cheese - login => username:admin,password:123456
[2022-07-17T14:08:53.747] [DEBUG] cheese - admin
[2022-07-17T14:08:53.763] [DEBUG] cheese - null
[2022-07-17T14:08:53.764] [DEBUG] cheese - null
[2022-07-18T09:07:24.442] [DEBUG] cheese - login => username:admin,password:123456
[2022-07-18T09:07:24.447] [DEBUG] cheese - admin
[2022-07-18T09:07:24.586] [DEBUG] cheese - null
[2022-07-18T09:07:24.586] [DEBUG] cheese - null
[2022-07-18T16:08:24.740] [DEBUG] cheese - login => username:admin,password:123456
[2022-07-18T16:08:24.747] [DEBUG] cheese - admin
[2022-07-18T16:08:24.782] [DEBUG] cheese - null
[2022-07-18T16:08:24.785] [DEBUG] cheese - null
[2022-07-18T17:01:12.800] [DEBUG] cheese - null
[2022-07-18T17:22:30.956] [DEBUG] cheese - login => username:admin,password:123456
[2022-07-18T17:22:30.959] [DEBUG] cheese - admin
[2022-07-18T17:22:30.976] [DEBUG] cheese - null
[2022-07-18T17:22:30.977] [DEBUG] cheese - null
[2022-07-19T10:03:58.882] [DEBUG] cheese - login => username:admin,password:123456
[2022-07-19T10:03:58.894] [DEBUG] cheese - admin
[2022-07-19T10:04:00.153] [DEBUG] cheese - null
[2022-07-19T10:04:00.155] [DEBUG] cheese - null
